2025-11-12T14:49:48.479+05:30  INFO 15748 --- [cab_booking_backend] [restartedMain] .e.DevToolsPropertyDefaultsPostProcessor : Devtools property defaults active! Set 'spring.devtools.add-properties' to 'false' to disable
2025-11-12T14:49:48.507+05:30  INFO 15748 --- [cab_booking_backend] [restartedMain] .e.DevToolsPropertyDefaultsPostProcessor : For additional web related logging consider setting the 'logging.level.web' property to 'DEBUG'
2025-11-12T14:49:50.609+05:30  INFO 15748 --- [cab_booking_backend] [restartedMain] .s.d.r.c.RepositoryConfigurationDelegate : Bootstrapping Spring Data JPA repositories in DEFAULT mode.
2025-11-12T14:49:50.789+05:30  INFO 15748 --- [cab_booking_backend] [restartedMain] .s.d.r.c.RepositoryConfigurationDelegate : Finished Spring Data repository scanning in 159 ms. Found 5 JPA repository interfaces.
2025-11-12T14:49:52.442+05:30  INFO 15748 --- [cab_booking_backend] [restartedMain] o.s.b.w.embedded.tomcat.TomcatWebServer  : Tomcat initialized with port 8082 (http)
2025-11-12T14:49:52.475+05:30  INFO 15748 --- [cab_booking_backend] [restartedMain] o.apache.catalina.core.StandardService   : Starting service [Tomcat]
2025-11-12T14:49:52.476+05:30  INFO 15748 --- [cab_booking_backend] [restartedMain] o.apache.catalina.core.StandardEngine    : Starting Servlet engine: [Apache Tomcat/10.1.46]
2025-11-12T14:49:52.616+05:30  INFO 15748 --- [cab_booking_backend] [restartedMain] o.a.c.c.C.[Tomcat].[localhost].[/]       : Initializing Spring embedded WebApplicationContext
2025-11-12T14:49:52.617+05:30  INFO 15748 --- [cab_booking_backend] [restartedMain] w.s.c.ServletWebServerApplicationContext : Root WebApplicationContext: initialization completed in 4109 ms
2025-11-12T14:49:53.193+05:30  INFO 15748 --- [cab_booking_backend] [restartedMain] o.hibernate.jpa.internal.util.LogHelper  : HHH000204: Processing PersistenceUnitInfo [name: default]
2025-11-12T14:49:53.402+05:30  INFO 15748 --- [cab_booking_backend] [restartedMain] org.hibernate.Version                    : HHH000412: Hibernate ORM core version 6.6.29.Final
2025-11-12T14:49:53.471+05:30  INFO 15748 --- [cab_booking_backend] [restartedMain] o.h.c.internal.RegionFactoryInitiator    : HHH000026: Second-level cache disabled
2025-11-12T14:49:54.124+05:30  INFO 15748 --- [cab_booking_backend] [restartedMain] o.s.o.j.p.SpringPersistenceUnitInfo      : No LoadTimeWeaver setup: ignoring JPA class transformer
2025-11-12T14:49:54.215+05:30  INFO 15748 --- [cab_booking_backend] [restartedMain] com.zaxxer.hikari.HikariDataSource       : HikariPool-1 - Starting...
2025-11-12T14:49:54.853+05:30  INFO 15748 --- [cab_booking_backend] [restartedMain] com.zaxxer.hikari.pool.HikariPool        : HikariPool-1 - Added connection com.mysql.cj.jdbc.ConnectionImpl@789773e7
2025-11-12T14:49:54.859+05:30  INFO 15748 --- [cab_booking_backend] [restartedMain] com.zaxxer.hikari.HikariDataSource       : HikariPool-1 - Start completed.
2025-11-12T14:49:55.009+05:30  WARN 15748 --- [cab_booking_backend] [restartedMain] org.hibernate.orm.deprecation            : HHH90000025: MySQL8Dialect does not need to be specified explicitly using 'hibernate.dialect' (remove the property setting and it will be selected by default)
2025-11-12T14:49:55.015+05:30  WARN 15748 --- [cab_booking_backend] [restartedMain] org.hibernate.orm.deprecation            : HHH90000026: MySQL8Dialect has been deprecated; use org.hibernate.dialect.MySQLDialect instead
2025-11-12T14:49:55.106+05:30  INFO 15748 --- [cab_booking_backend] [restartedMain] org.hibernate.orm.connections.pooling    : HHH10001005: Database info:
	Database JDBC URL [Connecting through datasource 'HikariDataSource (HikariPool-1)']
	Database driver: undefined/unknown
	Database version: 8.0
	Autocommit mode: undefined/unknown
	Isolation level: undefined/unknown
	Minimum pool size: undefined/unknown
	Maximum pool size: undefined/unknown
2025-11-12T14:49:56.866+05:30  INFO 15748 --- [cab_booking_backend] [restartedMain] o.h.e.t.j.p.i.JtaPlatformInitiator       : HHH000489: No JTA platform available (set 'hibernate.transaction.jta.platform' to enable JTA platform integration)
2025-11-12T14:49:57.048+05:30  INFO 15748 --- [cab_booking_backend] [restartedMain] j.LocalContainerEntityManagerFactoryBean : Initialized JPA EntityManagerFactory for persistence unit 'default'
2025-11-12T14:49:57.931+05:30  INFO 15748 --- [cab_booking_backend] [restartedMain] o.s.d.j.r.query.QueryEnhancerFactory     : Hibernate is in classpath; If applicable, HQL parser will be used.
2025-11-12T14:49:59.089+05:30  INFO 15748 --- [cab_booking_backend] [restartedMain] r$InitializeUserDetailsManagerConfigurer : Global AuthenticationManager configured with UserDetailsService bean with name customUserDetailsService
2025-11-12T14:49:59.340+05:30  WARN 15748 --- [cab_booking_backend] [restartedMain] JpaBaseConfiguration$JpaWebConfiguration : spring.jpa.open-in-view is enabled by default. Therefore, database queries may be performed during view rendering. Explicitly configure spring.jpa.open-in-view to disable this warning
2025-11-12T14:50:00.889+05:30  INFO 15748 --- [cab_booking_backend] [restartedMain] o.s.b.d.a.OptionalLiveReloadServer       : LiveReload server is running on port 35729
2025-11-12T14:50:00.969+05:30  INFO 15748 --- [cab_booking_backend] [restartedMain] o.s.b.w.embedded.tomcat.TomcatWebServer  : Tomcat started on port 8082 (http) with context path '/'
2025-11-12T14:50:21.760+05:30  INFO 15748 --- [cab_booking_backend] [http-nio-8082-exec-1] o.a.c.c.C.[Tomcat].[localhost].[/]       : Initializing Spring DispatcherServlet 'dispatcherServlet'
2025-11-12T14:50:21.760+05:30  INFO 15748 --- [cab_booking_backend] [http-nio-8082-exec-1] o.s.web.servlet.DispatcherServlet        : Initializing Servlet 'dispatcherServlet'
2025-11-12T14:50:21.762+05:30  INFO 15748 --- [cab_booking_backend] [http-nio-8082-exec-1] o.s.web.servlet.DispatcherServlet        : Completed initialization in 2 ms
2025-11-12T14:50:31.291+05:30  INFO 15748 --- [cab_booking_backend] [http-nio-8082-exec-10] o.springdoc.api.AbstractOpenApiResource  : Init duration for springdoc-openapi is: 1243 ms
2025-11-12T14:57:22.493+05:30  INFO 15748 --- [cab_booking_backend] [SpringApplicationShutdownHook] o.s.b.w.e.tomcat.GracefulShutdown        : Commencing graceful shutdown. Waiting for active requests to complete
2025-11-12T14:57:22.506+05:30  INFO 15748 --- [cab_booking_backend] [tomcat-shutdown] o.s.b.w.e.tomcat.GracefulShutdown        : Graceful shutdown complete
2025-11-12T14:57:22.506+05:30  INFO 15748 --- [cab_booking_backend] [SpringApplicationShutdownHook] j.LocalContainerEntityManagerFactoryBean : Closing JPA EntityManagerFactory for persistence unit 'default'
2025-11-12T14:57:22.506+05:30  INFO 15748 --- [cab_booking_backend] [SpringApplicationShutdownHook] com.zaxxer.hikari.HikariDataSource       : HikariPool-1 - Shutdown initiated...
2025-11-12T14:57:22.522+05:30  INFO 15748 --- [cab_booking_backend] [SpringApplicationShutdownHook] com.zaxxer.hikari.HikariDataSource       : HikariPool-1 - Shutdown completed.
